  main.cpp
F:\Mywork\2021_tank\comg_TermProject\TermProj\objRead.h(89,29): warning C4244: '=': 'double'에서 'float'(으)로 변환하면서 데이터가 손실될 수 있습니다.
F:\Mywork\2021_tank\comg_TermProject\TermProj\objRead.h(90,29): warning C4244: '=': 'double'에서 'float'(으)로 변환하면서 데이터가 손실될 수 있습니다.
F:\Mywork\2021_tank\comg_TermProject\TermProj\objRead.h(91,29): warning C4244: '=': 'double'에서 'float'(으)로 변환하면서 데이터가 손실될 수 있습니다.
F:\Mywork\2021_tank\comg_TermProject\TermProj\objRead.h(34,13): warning C4996: 'fscanf': This function or variable may be unsafe. Consider using fscanf_s instead. To disable deprecation, use _CRT_SECURE_NO_WARNINGS. See online help for details.
F:\Mywork\2021_tank\comg_TermProject\TermProj\objRead.h(39,4): warning C4996: 'fscanf': This function or variable may be unsafe. Consider using fscanf_s instead. To disable deprecation, use _CRT_SECURE_NO_WARNINGS. See online help for details.
F:\Mywork\2021_tank\comg_TermProject\TermProj\objRead.h(55,4): warning C4996: 'fscanf': This function or variable may be unsafe. Consider using fscanf_s instead. To disable deprecation, use _CRT_SECURE_NO_WARNINGS. See online help for details.
F:\Mywork\2021_tank\comg_TermProject\TermProj\objRead.h(60,4): warning C4996: 'fscanf': This function or variable may be unsafe. Consider using fscanf_s instead. To disable deprecation, use _CRT_SECURE_NO_WARNINGS. See online help for details.
F:\Mywork\2021_tank\comg_TermProject\TermProj\objRead.h(66,18): warning C4996: 'fscanf': This function or variable may be unsafe. Consider using fscanf_s instead. To disable deprecation, use _CRT_SECURE_NO_WARNINGS. See online help for details.
F:\Mywork\2021_tank\comg_TermProject\TermProj\objRead.h(141,13): warning C4996: 'fscanf': This function or variable may be unsafe. Consider using fscanf_s instead. To disable deprecation, use _CRT_SECURE_NO_WARNINGS. See online help for details.
F:\Mywork\2021_tank\comg_TermProject\TermProj\objRead.h(146,4): warning C4996: 'fscanf': This function or variable may be unsafe. Consider using fscanf_s instead. To disable deprecation, use _CRT_SECURE_NO_WARNINGS. See online help for details.
F:\Mywork\2021_tank\comg_TermProject\TermProj\objRead.h(162,4): warning C4996: 'fscanf': This function or variable may be unsafe. Consider using fscanf_s instead. To disable deprecation, use _CRT_SECURE_NO_WARNINGS. See online help for details.
F:\Mywork\2021_tank\comg_TermProject\TermProj\objRead.h(167,4): warning C4996: 'fscanf': This function or variable may be unsafe. Consider using fscanf_s instead. To disable deprecation, use _CRT_SECURE_NO_WARNINGS. See online help for details.
F:\Mywork\2021_tank\comg_TermProject\TermProj\objRead.h(173,18): warning C4996: 'fscanf': This function or variable may be unsafe. Consider using fscanf_s instead. To disable deprecation, use _CRT_SECURE_NO_WARNINGS. See online help for details.
F:\Mywork\2021_tank\comg_TermProject\TermProj\figure.h(184,21): warning C4244: '=': 'double'에서 'float'(으)로 변환하면서 데이터가 손실될 수 있습니다.
F:\Mywork\2021_tank\comg_TermProject\TermProj\figure.h(185,21): warning C4244: '=': 'double'에서 'float'(으)로 변환하면서 데이터가 손실될 수 있습니다.
F:\Mywork\2021_tank\comg_TermProject\TermProj\figure.h(196,31): warning C4244: '=': 'double'에서 'float'(으)로 변환하면서 데이터가 손실될 수 있습니다.
F:\Mywork\2021_tank\comg_TermProject\TermProj\figure.h(197,31): warning C4244: '=': 'double'에서 'float'(으)로 변환하면서 데이터가 손실될 수 있습니다.
F:\Mywork\2021_tank\comg_TermProject\TermProj\figure.h(226,17): warning C4244: '=': 'int'에서 'float'(으)로 변환하면서 데이터가 손실될 수 있습니다.
F:\Mywork\2021_tank\comg_TermProject\TermProj\figure.h(227,17): warning C4244: '=': 'int'에서 'float'(으)로 변환하면서 데이터가 손실될 수 있습니다.
F:\Mywork\2021_tank\comg_TermProject\TermProj\figure.h(235,13): warning C4305: '초기화 중': 'double'에서 'float'(으)로 잘립니다.
F:\Mywork\2021_tank\comg_TermProject\TermProj\figure.h(245,1): warning C4305: '인수': 'double'에서 'GLfloat'(으)로 잘립니다.
F:\Mywork\2021_tank\comg_TermProject\TermProj\main.cpp(8,1): warning C4326: 'main'의 반환 형식이 'int'이어야 하는데 'void'입니다.
F:\Mywork\2021_tank\comg_TermProject\TermProj\main.cpp(15,12): warning C4244: '인수': 'time_t'에서 'unsigned int'(으)로 변환하면서 데이터가 손실될 수 있습니다.
  TermProj.vcxproj -> F:\Mywork\2021_tank\comg_TermProject\Debug\TermProj.exe
